<?xml version="1.0" encoding="UTF-8"?>
<!-- Generated by org.testng.reporters.JUnitReportReporter -->
<testsuite skipped="0" hostname="hp" name="com.leaftaps.testcases.TC001_CreateLeadCopy" tests="1" failures="0" timestamp="2023-03-05T17:51:16 IST" time="16.980" errors="0">
  <testcase name="runCreateLead" time="16.980" classname="com.leaftaps.testcases.TC001_CreateLeadCopy"/>
  <system-out/>
</testsuite> <!-- com.leaftaps.testcases.TC001_CreateLeadCopy -->
