<?xml version="1.0" encoding="UTF-8"?>
<!-- Generated by org.testng.reporters.JUnitReportReporter -->
<testsuite skipped="0" hostname="hp" name="com.leaftaps.testcases.Runner" tests="3" failures="0" timestamp="2023-03-05T18:03:33 IST" time="36.548" errors="0">
  <testcase name="runScenario" time="11.809" classname="com.leaftaps.testcases.Runner"/>
  <system-out/>
  <testcase name="runScenario" time="12.191" classname="com.leaftaps.testcases.Runner"/>
  <system-out/>
  <testcase name="runScenario" time="12.548" classname="com.leaftaps.testcases.Runner"/>
  <system-out/>
</testsuite> <!-- com.leaftaps.testcases.Runner -->
