<?xml version="1.0" encoding="UTF-8"?>
<!-- Generated by org.testng.reporters.JUnitReportReporter -->
<testsuite hostname="E-5CG2203KDH" failures="0" tests="1" name="com.salesforce.testcases.TC002_CreateOpportunityWithoutMandatoryFields" time="44.072" errors="0" timestamp="2023-03-05T11:34:10 IST" skipped="0">
  <testcase classname="com.salesforce.testcases.TC002_CreateOpportunityWithoutMandatoryFields" name="runCreateOpportunityWithoutMandatoryFields" time="44.072"/>
  <system-out/>
</testsuite> <!-- com.salesforce.testcases.TC002_CreateOpportunityWithoutMandatoryFields -->
