<?xml version="1.0" encoding="UTF-8"?>
<!-- Generated by org.testng.reporters.JUnitReportReporter -->
<testsuite hostname="E-5CG2203KDH" failures="0" tests="1" name="com.salesforce.testcases.TC002_CreateOpportunityWithoutMandatoryFields" time="56.424" errors="0" timestamp="2023-03-06T17:50:54 IST" skipped="0">
  <testcase classname="com.salesforce.testcases.TC002_CreateOpportunityWithoutMandatoryFields" name="runCreateOpportunityWithoutMandatoryFields" time="56.424"/>
  <system-out/>
</testsuite> <!-- com.salesforce.testcases.TC002_CreateOpportunityWithoutMandatoryFields -->
