<?xml version="1.0" encoding="UTF-8"?>
<!-- Generated by org.testng.reporters.JUnitReportReporter -->
<testsuite hostname="E-5CG2203KDH" failures="0" tests="1" name="com.salesforce.testcases.Runner" time="9.970" errors="0" timestamp="2023-03-06T18:11:16 IST" skipped="0">
  <testcase classname="com.salesforce.testcases.Runner" name="runScenario" time="9.970"/>
  <system-out/>
</testsuite> <!-- com.salesforce.testcases.Runner -->
